Thread( main) - [INFO ][2018/05/24 16:51:32856][ MyServerHttp.MyServerSocket.main(MyServerSocket.java:48)] 代理端口：10089
 Thread( main) - [INFO ][2018/05/24 16:51:32861][ MyServerHttp.MyServerSocket.main(MyServerSocket.java:49)] 代理地址：localhost
 Thread( main) - [INFO ][2018/05/24 16:51:32862][ MyServerHttp.MyServerSocket.main(MyServerSocket.java:50)] 外网ip：192.168.10.86
 Thread( main) - [INFO ][2018/05/24 16:51:32864][ MyServerHttp.MyServerSocket.main(MyServerSocket.java:51)] 外网端口：80
 Thread( main) - [INFO ][2018/05/24 16:51:32869][ MyServerHttp.MyServerSocket.main(MyServerSocket.java:54)] 代理服务器开启成功!
 Thread( main) - [INFO ][2018/05/24 16:57:0059 ][ MyLocalHttp.LocalSocket.main(LocalSocket.java:50)] 本地端口：10088
 Thread( main) - [INFO ][2018/05/24 16:57:0065 ][ MyLocalHttp.LocalSocket.main(LocalSocket.java:51)] 代理地址：localhost
 Thread( main) - [INFO ][2018/05/24 16:57:0066 ][ MyLocalHttp.LocalSocket.main(LocalSocket.java:52)] 代理端口：10089
 Thread( main) - [INFO ][2018/05/24 16:57:0071 ][ MyLocalHttp.LocalSocket.main(LocalSocket.java:54)] 本地端口开启成功!
 Thread( main) - [INFO ][2018/05/24 16:57:59325][ MyLocalHttp.LocalSocket.main(LocalSocket.java:50)] 本地端口：10088
 Thread( main) - [INFO ][2018/05/24 16:57:59330][ MyLocalHttp.LocalSocket.main(LocalSocket.java:51)] 代理地址：localhost
 Thread( main) - [INFO ][2018/05/24 16:57:59332][ MyLocalHttp.LocalSocket.main(LocalSocket.java:52)] 代理端口：10089
 Thread( main) - [INFO ][2018/05/24 16:57:59337][ MyLocalHttp.LocalSocket.main(LocalSocket.java:54)] 本地端口开启成功!
 Thread( main) - [INFO ][2018/05/24 16:58:20825][ MyLocalHttp.LocalSocket.main(LocalSocket.java:50)] 本地端口：10088
 Thread( main) - [INFO ][2018/05/24 16:58:20830][ MyLocalHttp.LocalSocket.main(LocalSocket.java:51)] 代理地址：localhost
 Thread( main) - [INFO ][2018/05/24 16:58:20832][ MyLocalHttp.LocalSocket.main(LocalSocket.java:52)] 代理端口：10089
 Thread( main) - [INFO ][2018/05/24 16:58:20837][ MyLocalHttp.LocalSocket.main(LocalSocket.java:54)] 本地端口开启成功!
 Thread( main) - [INFO ][2018/05/24 16:59:09393][ MyLocalHttp.LocalSocket.main(LocalSocket.java:50)] 本地端口：10088
 Thread( main) - [INFO ][2018/05/24 16:59:09398][ MyLocalHttp.LocalSocket.main(LocalSocket.java:51)] 代理地址：localhost
 Thread( main) - [INFO ][2018/05/24 16:59:09400][ MyLocalHttp.LocalSocket.main(LocalSocket.java:52)] 代理端口：10089
 Thread( main) - [INFO ][2018/05/24 16:59:09405][ MyLocalHttp.LocalSocket.main(LocalSocket.java:54)] 本地端口开启成功!
 Thread( main) - [INFO ][2018/05/24 16:59:2442 ][ MyServerHttp.MyServerSocket.main(MyServerSocket.java:48)] 代理端口：10089
 Thread( main) - [INFO ][2018/05/24 16:59:2448 ][ MyServerHttp.MyServerSocket.main(MyServerSocket.java:49)] 代理地址：localhost
 Thread( main) - [INFO ][2018/05/24 16:59:2449 ][ MyServerHttp.MyServerSocket.main(MyServerSocket.java:50)] 外网ip：192.168.10.86
 Thread( main) - [INFO ][2018/05/24 16:59:2451 ][ MyServerHttp.MyServerSocket.main(MyServerSocket.java:51)] 外网端口：80
 Thread( main) - [INFO ][2018/05/24 16:59:2455 ][ MyServerHttp.MyServerSocket.main(MyServerSocket.java:54)] 代理服务器开启成功!
 Thread( main) - [INFO ][2018/05/24 16:59:43930][ MyServerHttp.MyServerSocket.main(MyServerSocket.java:48)] 代理端口：10089
 Thread( main) - [INFO ][2018/05/24 16:59:43937][ MyServerHttp.MyServerSocket.main(MyServerSocket.java:49)] 代理地址：localhost
 Thread( main) - [INFO ][2018/05/24 16:59:43939][ MyServerHttp.MyServerSocket.main(MyServerSocket.java:50)] 外网ip：192.168.10.86
 Thread( main) - [INFO ][2018/05/24 16:59:43940][ MyServerHttp.MyServerSocket.main(MyServerSocket.java:51)] 外网端口：80
 Thread( main) - [ERROR][2018/05/24 16:59:43946][ MyServerHttp.MyServerSocket.main(MyServerSocket.java:63)] 代理服务器开启失败!
 Thread( main) - [ERROR][2018/05/24 16:59:43950][ MyServerHttp.MyServerSocket.main(MyServerSocket.java:64)] 失败原因：Address already in use: JVM_Bind
 Thread( main) - [INFO ][2018/05/24 16:59:55296][ MyServerHttp.MyServerSocket.main(MyServerSocket.java:48)] 代理端口：10089
 Thread( main) - [INFO ][2018/05/24 16:59:55301][ MyServerHttp.MyServerSocket.main(MyServerSocket.java:49)] 代理地址：localhost
 Thread( main) - [INFO ][2018/05/24 16:59:55302][ MyServerHttp.MyServerSocket.main(MyServerSocket.java:50)] 外网ip：192.168.10.86
 Thread( main) - [INFO ][2018/05/24 16:59:55304][ MyServerHttp.MyServerSocket.main(MyServerSocket.java:51)] 外网端口：80
 Thread( main) - [INFO ][2018/05/24 16:59:55309][ MyServerHttp.MyServerSocket.main(MyServerSocket.java:54)] 代理服务器开启成功!
 Thread( main) - [INFO ][2018/05/24 17:00:03251][ MyLocalHttp.LocalSocket.main(LocalSocket.java:50)] 本地端口：10088
 Thread( main) - [INFO ][2018/05/24 17:00:03257][ MyLocalHttp.LocalSocket.main(LocalSocket.java:51)] 代理地址：localhost
 Thread( main) - [INFO ][2018/05/24 17:00:03258][ MyLocalHttp.LocalSocket.main(LocalSocket.java:52)] 代理端口：10089
 Thread( main) - [INFO ][2018/05/24 17:00:03263][ MyLocalHttp.LocalSocket.main(LocalSocket.java:54)] 本地端口开启成功!
 